


ARM Macro Assembler    Page 1 


    1 00000000         #line   1                "..\\src\\startup_code\\keil_st
artup_lpc11xx.s"
    1 00000000         ;
    2 00000000         
    3 00000000         
    4 00000000         
    5 00000000         
    6 00000000         
    7 00000000         
    8 00000000         
    9 00000000         
   10 00000000         
   11 00000000         
   12 00000000         
   13 00000000         
   14 00000000         
   15 00000000         
   16 00000000         
   17 00000000         
   18 00000000         
   19 00000000         
   20 00000000         
   21 00000000         
   22 00000000         #line   1                "..\\src\\lpc_core\\lpc_chip\\c
hip_11xx\\config_11cxx\\sys_config.h"
    1 00000000         
    2 00000000         
    3 00000000         
    4 00000000         
    5 00000000         
    6 00000000         
    7 00000000         
    8 00000000         
    9 00000000         
   10 00000000         
   11 00000000         
   12 00000000         
   13 00000000         
   14 00000000         
   15 00000000         
   16 00000000         
   17 00000000         
   18 00000000         
   19 00000000         
   20 00000000         
   21 00000000         
   22 00000000         
   23 00000000         
   24 00000000         
   25 00000000         
   26 00000000         
   27 00000000         
   28 00000000         
   29 00000000         
   30 00000000         
   31 00000000         
   32 00000000         
   33 00000000         
   34 00000000         



ARM Macro Assembler    Page 2 


   35 00000000         
   36 00000000         
   37 00000000         
   38 00000000         
   39 00000000         
   40 00000000         
   41 00000000         
   42 00000000         #line   23               "..\\src\\startup_code\\keil_st
artup_lpc11xx.s"
   23 00000000         
   24 00000000         ; <h> Stack Configuration
   25 00000000         ;   <o> Stack Size (in Bytes) <0x0-0xFFFFFFFF:8>
   26 00000000         ; </h>
   27 00000000         
   28 00000000 00000300 
                       Stack_Size
                               EQU              0x00000300
   29 00000000         
   30 00000000                 AREA             STACK, NOINIT, READWRITE, ALIGN
=3
   31 00000000         Stack_Mem
                               SPACE            Stack_Size
   32 00000300         __initial_sp
   33 00000300         
   34 00000300         
   35 00000300         ; <h> Heap Configuration
   36 00000300         ;   <o>  Heap Size (in Bytes) <0x0-0xFFFFFFFF:8>
   37 00000300         ; </h>
   38 00000300         
   39 00000300 00000200 
                       Heap_Size
                               EQU              0x00000200
   40 00000300         
   41 00000300                 AREA             HEAP, NOINIT, READWRITE, ALIGN=
3
   42 00000000         __heap_base
   43 00000000         Heap_Mem
                               SPACE            Heap_Size
   44 00000200         __heap_limit
   45 00000200         
   46 00000200         
   47 00000200                 PRESERVE8
   48 00000200                 THUMB
   49 00000200         
   50 00000200         
   51 00000200         ; Vector Table Mapped to Address 0 at Reset
   52 00000200         
   53 00000200                 AREA             RESET, DATA, READONLY
   54 00000000                 EXPORT           __Vectors
   55 00000000         
   56 00000000 00000000 
                       __Vectors
                               DCD              __initial_sp ; Top of Stack
   57 00000004 00000000        DCD              Reset_Handler ; Reset Handler
   58 00000008 00000000        DCD              NMI_Handler ; NMI Handler
   59 0000000C 00000000        DCD              HardFault_Handler ; Hard Fault 
                                                            Handler
   60 00000010 00000000        DCD              MemManage_Handler 
                                                            ; MPU Fault Handler



ARM Macro Assembler    Page 3 


                                                            
   61 00000014 00000000        DCD              BusFault_Handler 
                                                            ; Bus Fault Handler
                                                            
   62 00000018 00000000        DCD              UsageFault_Handler ; Usage Faul
                                                            t Handler
   63 0000001C 00000000        DCD              0           ; Reserved
   64 00000020 00000000        DCD              0           ; Reserved
   65 00000024 00000000        DCD              0           ; Reserved
   66 00000028 00000000        DCD              0           ; Reserved
   67 0000002C 00000000        DCD              SVC_Handler ; SVCall Handler
   68 00000030 00000000        DCD              DebugMon_Handler ; Debug Monito
                                                            r Handler
   69 00000034 00000000        DCD              0           ; Reserved
   70 00000038 00000000        DCD              PendSV_Handler ; PendSV Handler
                                                            
   71 0000003C 00000000        DCD              SysTick_Handler 
                                                            ; SysTick Handler
   72 00000040         
   73 00000040         #line   110              "..\\src\\startup_code\\keil_st
artup_lpc11xx.s"
  110 00000040         
  111 00000040         #line   148              "..\\src\\startup_code\\keil_st
artup_lpc11xx.s"
  148 00000040         
  149 00000040         #line   184              "..\\src\\startup_code\\keil_st
artup_lpc11xx.s"
  184 00000040         
  185 00000040         
  186 00000040         ; Wakeup sources for the I/O pins:
  187 00000040         ;    PIO0 (0:11)
  188 00000040         ;    PIO1 (0)
  189 00000040 00000000        DCD              WAKEUP_IRQHandler 
                                                            ; PIO0_0  Wakeup
  190 00000044 00000000        DCD              WAKEUP_IRQHandler 
                                                            ; PIO0_1  Wakeup
  191 00000048 00000000        DCD              WAKEUP_IRQHandler 
                                                            ; PIO0_2  Wakeup
  192 0000004C 00000000        DCD              WAKEUP_IRQHandler 
                                                            ; PIO0_3  Wakeup
  193 00000050 00000000        DCD              WAKEUP_IRQHandler 
                                                            ; PIO0_4  Wakeup
  194 00000054 00000000        DCD              WAKEUP_IRQHandler 
                                                            ; PIO0_5  Wakeup
  195 00000058 00000000        DCD              WAKEUP_IRQHandler 
                                                            ; PIO0_6  Wakeup
  196 0000005C 00000000        DCD              WAKEUP_IRQHandler 
                                                            ; PIO0_7  Wakeup
  197 00000060 00000000        DCD              WAKEUP_IRQHandler 
                                                            ; PIO0_8  Wakeup
  198 00000064 00000000        DCD              WAKEUP_IRQHandler 
                                                            ; PIO0_9  Wakeup
  199 00000068 00000000        DCD              WAKEUP_IRQHandler 
                                                            ; PIO0_10 Wakeup
  200 0000006C 00000000        DCD              WAKEUP_IRQHandler 
                                                            ; PIO0_11 Wakeup
  201 00000070 00000000        DCD              WAKEUP_IRQHandler 
                                                            ; PIO1_0  Wakeup
  202 00000074 00000000        DCD              CAN_IRQHandler 



ARM Macro Assembler    Page 4 


                                                            ; C_CAN Interrupt
  203 00000078 00000000        DCD              SSP1_IRQHandler ; SPI/SSP1 Inte
                                                            rrupt
  204 0000007C 00000000        DCD              I2C_IRQHandler ; I2C0
  205 00000080 00000000        DCD              TIMER16_0_IRQHandler ; CT16B0 (
                                                            16-bit Timer 0)
  206 00000084 00000000        DCD              TIMER16_1_IRQHandler ; CT16B1 (
                                                            16-bit Timer 1)
  207 00000088 00000000        DCD              TIMER32_0_IRQHandler ; CT32B0 (
                                                            32-bit Timer 0)
  208 0000008C 00000000        DCD              TIMER32_1_IRQHandler ; CT32B1 (
                                                            32-bit Timer 1)
  209 00000090 00000000        DCD              SSP0_IRQHandler ; SPI/SSP0 Inte
                                                            rrupt
  210 00000094 00000000        DCD              UART_IRQHandler ; UART0
  211 00000098 00000000        DCD              Reserved_IRQHandler
  212 0000009C 00000000        DCD              Reserved_IRQHandler
  213 000000A0 00000000        DCD              ADC_IRQHandler ; ADC   (A/D Con
                                                            verter)
  214 000000A4 00000000        DCD              WDT_IRQHandler ; WDT   (Watchdo
                                                            g Timer)
  215 000000A8 00000000        DCD              BOD_IRQHandler ; BOD   (Brownou
                                                            t Detect)
  216 000000AC 00000000        DCD              Reserved_IRQHandler
  217 000000B0 00000000        DCD              PIOINT3_IRQHandler ; PIO INT3
  218 000000B4 00000000        DCD              PIOINT2_IRQHandler ; PIO INT2
  219 000000B8 00000000        DCD              PIOINT1_IRQHandler ; PIO INT1
  220 000000BC 00000000        DCD              PIOINT0_IRQHandler ; PIO INT0
  221 000000C0         
  222 000000C0         
  223 000000C0         #line   260              "..\\src\\startup_code\\keil_st
artup_lpc11xx.s"
  260 000000C0         
  261 000000C0         #line   296              "..\\src\\startup_code\\keil_st
artup_lpc11xx.s"
  296 000000C0         
  297 000000C0         #line   332              "..\\src\\startup_code\\keil_st
artup_lpc11xx.s"
  332 000000C0         
  333 000000C0                 IF               :LNOT::DEF:NO_CRP
  336                          ENDIF
  337 000000C0         
  338 000000C0         
  339 000000C0                 AREA             |.text|, CODE, READONLY
  340 00000000         
  341 00000000         
  342 00000000         ; Reset Handler
  343 00000000         
  344 00000000         Reset_Handler
                               PROC
  345 00000000                 EXPORT           Reset_Handler             [WEAK
]
  346 00000000                 IMPORT           SystemInit
  347 00000000                 IMPORT           __main
  348 00000000 480A            LDR              R0, =SystemInit
  349 00000002 4780            BLX              R0
  350 00000004 480A            LDR              R0, =__main
  351 00000006 4700            BX               R0
  352 00000008                 ENDP



ARM Macro Assembler    Page 5 


  353 00000008         
  354 00000008         
  355 00000008         ; Dummy Exception Handlers (infinite loops which can be 
                       modified)                
  356 00000008         
  357 00000008         ; now, under COMMON NMI.c and NMI.h, a real NMI handler 
                       is created if NMI is enabled 
  358 00000008         ; for particular peripheral.
  359 00000008         NMI_Handler
                               PROC
  360 00000008                 EXPORT           NMI_Handler               [WEAK
]
  361 00000008 E7FE            B                .
  362 0000000A                 ENDP
  363 0000000A         HardFault_Handler
                               PROC
  364 0000000A         
  365 0000000A                 EXPORT           HardFault_Handler         [WEAK
]
  366 0000000A E7FE            B                .
  367 0000000C                 ENDP
  368 0000000C         MemManage_Handler
                               PROC
  369 0000000C         
  370 0000000C                 EXPORT           MemManage_Handler         [WEAK
]
  371 0000000C E7FE            B                .
  372 0000000E                 ENDP
  373 0000000E         BusFault_Handler
                               PROC
  374 0000000E         
  375 0000000E                 EXPORT           BusFault_Handler          [WEAK
]
  376 0000000E E7FE            B                .
  377 00000010                 ENDP
  378 00000010         UsageFault_Handler
                               PROC
  379 00000010         
  380 00000010                 EXPORT           UsageFault_Handler        [WEAK
]
  381 00000010 E7FE            B                .
  382 00000012                 ENDP
  383 00000012         SVC_Handler
                               PROC
  384 00000012                 EXPORT           SVC_Handler               [WEAK
]
  385 00000012 E7FE            B                .
  386 00000014                 ENDP
  387 00000014         DebugMon_Handler
                               PROC
  388 00000014         
  389 00000014                 EXPORT           DebugMon_Handler          [WEAK
]
  390 00000014 E7FE            B                .
  391 00000016                 ENDP
  392 00000016         PendSV_Handler
                               PROC
  393 00000016                 EXPORT           PendSV_Handler            [WEAK
]



ARM Macro Assembler    Page 6 


  394 00000016 E7FE            B                .
  395 00000018                 ENDP
  396 00000018         SysTick_Handler
                               PROC
  397 00000018                 EXPORT           SysTick_Handler           [WEAK
]
  398 00000018 E7FE            B                .
  399 0000001A                 ENDP
  400 0000001A         Reserved_IRQHandler
                               PROC
  401 0000001A                 EXPORT           Reserved_IRQHandler       [WEAK
]
  402 0000001A E7FE            B                .
  403 0000001C                 ENDP
  404 0000001C         
  405 0000001C         Default_Handler
                               PROC
  406 0000001C         
  407 0000001C         
  408 0000001C         #line   435              "..\\src\\startup_code\\keil_st
artup_lpc11xx.s"
  435 0000001C         
  436 0000001C         #line   472              "..\\src\\startup_code\\keil_st
artup_lpc11xx.s"
  472 0000001C         
  473 0000001C         #line   524              "..\\src\\startup_code\\keil_st
artup_lpc11xx.s"
  524 0000001C         
  525 0000001C         
  526 0000001C                 EXPORT           WAKEUP_IRQHandler         [WEAK
]
  527 0000001C                 EXPORT           CAN_IRQHandler            [WEAK
]
  528 0000001C                 EXPORT           SSP1_IRQHandler           [WEAK
]
  529 0000001C                 EXPORT           I2C_IRQHandler            [WEAK
]
  530 0000001C                 EXPORT           TIMER16_0_IRQHandler      [WEAK
]
  531 0000001C                 EXPORT           TIMER16_1_IRQHandler      [WEAK
]
  532 0000001C                 EXPORT           TIMER32_0_IRQHandler      [WEAK
]
  533 0000001C                 EXPORT           TIMER32_1_IRQHandler      [WEAK
]
  534 0000001C                 EXPORT           SSP0_IRQHandler           [WEAK
]
  535 0000001C                 EXPORT           UART_IRQHandler           [WEAK
]
  536 0000001C                 EXPORT           ADC_IRQHandler            [WEAK
]
  537 0000001C                 EXPORT           WDT_IRQHandler            [WEAK
]
  538 0000001C                 EXPORT           BOD_IRQHandler            [WEAK
]
  539 0000001C                 EXPORT           PIOINT3_IRQHandler        [WEAK
]
  540 0000001C                 EXPORT           PIOINT2_IRQHandler        [WEAK
]



ARM Macro Assembler    Page 7 


  541 0000001C                 EXPORT           PIOINT1_IRQHandler        [WEAK
]
  542 0000001C                 EXPORT           PIOINT0_IRQHandler        [WEAK
]
  543 0000001C         
  544 0000001C         WAKEUP_IRQHandler
  545 0000001C         CAN_IRQHandler
  546 0000001C         SSP1_IRQHandler
  547 0000001C         I2C_IRQHandler
  548 0000001C         TIMER16_0_IRQHandler
  549 0000001C         TIMER16_1_IRQHandler
  550 0000001C         TIMER32_0_IRQHandler
  551 0000001C         TIMER32_1_IRQHandler
  552 0000001C         SSP0_IRQHandler
  553 0000001C         UART_IRQHandler
  554 0000001C         ADC_IRQHandler
  555 0000001C         WDT_IRQHandler
  556 0000001C         BOD_IRQHandler
  557 0000001C         PIOINT3_IRQHandler
  558 0000001C         PIOINT2_IRQHandler
  559 0000001C         PIOINT1_IRQHandler
  560 0000001C         PIOINT0_IRQHandler
  561 0000001C         
  562 0000001C         
  563 0000001C         #line   604              "..\\src\\startup_code\\keil_st
artup_lpc11xx.s"
  604 0000001C         
  605 0000001C         #line   652              "..\\src\\startup_code\\keil_st
artup_lpc11xx.s"
  652 0000001C         
  653 0000001C         #line   706              "..\\src\\startup_code\\keil_st
artup_lpc11xx.s"
  706 0000001C         
  707 0000001C E7FE            B                .
  708 0000001E         
  709 0000001E                 ENDP
  710 0000001E         
  711 0000001E 00 00           ALIGN
  712 00000020         
  713 00000020         ; User Initial Stack & Heap
  714 00000020         
  715 00000020                 IF               :DEF:__MICROLIB
  722 00000020         
  723 00000020                 IMPORT           __use_two_region_memory
  724 00000020                 EXPORT           __user_initial_stackheap
  725 00000020         __user_initial_stackheap
  726 00000020         
  727 00000020 4804            LDR              R0, =  Heap_Mem
  728 00000022 4905            LDR              R1, =(Stack_Mem + Stack_Size)
  729 00000024 4A05            LDR              R2, = (Heap_Mem +  Heap_Size)
  730 00000026 4B06            LDR              R3, = Stack_Mem
  731 00000028 4770            BX               LR
  732 0000002A         
  733 0000002A 00 00           ALIGN
  734 0000002C         
  735 0000002C                 ENDIF
  736 0000002C         
  737 0000002C                 END
              00000000 



ARM Macro Assembler    Page 8 


              00000000 
              00000000 
              00000300 
              00000200 
              00000000 
Command Line: --debug --xref --cpreproc --diag_suppress=9931 --cpu=Cortex-M0 --
apcs=interwork --depend=.\objects\keil_startup_lpc11xx.d -o.\objects\keil_start
up_lpc11xx.o -I..\src\lpc_core\lpc_board\boards_11xx\nxp_lpcxpresso_11c24 -I..\
src\lpc_core\lpc_chip\chip_11xx\config_11cxx -I.\RTE\_newBS -IC:\Keil_v5\ARM\PA
CK\ARM\CMSIS\5.0.1\CMSIS\Include -IC:\Keil_v5\ARM\PACK\Keil\LPC1100_DFP\1.4.0\D
evice\Include\LPC11xx --predefine="__UVISION_VERSION SETA 523" --predefine="_RT
E_ SETA 1" --predefine="NO_CRP SETA 1" --list=.\listings\keil_startup_lpc11xx.l
st ..\src\startup_code\keil_startup_lpc11xx.s



ARM Macro Assembler    Page 1 Alphabetic symbol ordering
Relocatable symbols

STACK 00000000

Symbol: STACK
   Definitions
      At line 30 in file ..\\src\\startup_code\\keil_startup_lpc11xx.s
   Uses
      None
Comment: STACK unused
Stack_Mem 00000000

Symbol: Stack_Mem
   Definitions
      At line 31 in file ..\\src\\startup_code\\keil_startup_lpc11xx.s
   Uses
      At line 728 in file ..\\src\\startup_code\\keil_startup_lpc11xx.s
      At line 730 in file ..\\src\\startup_code\\keil_startup_lpc11xx.s

__initial_sp 00000300

Symbol: __initial_sp
   Definitions
      At line 32 in file ..\\src\\startup_code\\keil_startup_lpc11xx.s
   Uses
      At line 56 in file ..\\src\\startup_code\\keil_startup_lpc11xx.s
Comment: __initial_sp used once
3 symbols



ARM Macro Assembler    Page 1 Alphabetic symbol ordering
Relocatable symbols

HEAP 00000000

Symbol: HEAP
   Definitions
      At line 41 in file ..\\src\\startup_code\\keil_startup_lpc11xx.s
   Uses
      None
Comment: HEAP unused
Heap_Mem 00000000

Symbol: Heap_Mem
   Definitions
      At line 43 in file ..\\src\\startup_code\\keil_startup_lpc11xx.s
   Uses
      At line 727 in file ..\\src\\startup_code\\keil_startup_lpc11xx.s
      At line 729 in file ..\\src\\startup_code\\keil_startup_lpc11xx.s

__heap_base 00000000

Symbol: __heap_base
   Definitions
      At line 42 in file ..\\src\\startup_code\\keil_startup_lpc11xx.s
   Uses
      None
Comment: __heap_base unused
__heap_limit 00000200

Symbol: __heap_limit
   Definitions
      At line 44 in file ..\\src\\startup_code\\keil_startup_lpc11xx.s
   Uses
      None
Comment: __heap_limit unused
4 symbols



ARM Macro Assembler    Page 1 Alphabetic symbol ordering
Relocatable symbols

RESET 00000000

Symbol: RESET
   Definitions
      At line 53 in file ..\\src\\startup_code\\keil_startup_lpc11xx.s
   Uses
      None
Comment: RESET unused
__Vectors 00000000

Symbol: __Vectors
   Definitions
      At line 56 in file ..\\src\\startup_code\\keil_startup_lpc11xx.s
   Uses
      At line 54 in file ..\\src\\startup_code\\keil_startup_lpc11xx.s
Comment: __Vectors used once
2 symbols



ARM Macro Assembler    Page 1 Alphabetic symbol ordering
Relocatable symbols

.text 00000000

Symbol: .text
   Definitions
      At line 339 in file ..\\src\\startup_code\\keil_startup_lpc11xx.s
   Uses
      None
Comment: .text unused
ADC_IRQHandler 0000001C

Symbol: ADC_IRQHandler
   Definitions
      At line 554 in file ..\\src\\startup_code\\keil_startup_lpc11xx.s
   Uses
      At line 213 in file ..\\src\\startup_code\\keil_startup_lpc11xx.s
      At line 536 in file ..\\src\\startup_code\\keil_startup_lpc11xx.s

BOD_IRQHandler 0000001C

Symbol: BOD_IRQHandler
   Definitions
      At line 556 in file ..\\src\\startup_code\\keil_startup_lpc11xx.s
   Uses
      At line 215 in file ..\\src\\startup_code\\keil_startup_lpc11xx.s
      At line 538 in file ..\\src\\startup_code\\keil_startup_lpc11xx.s

BusFault_Handler 0000000E

Symbol: BusFault_Handler
   Definitions
      At line 373 in file ..\\src\\startup_code\\keil_startup_lpc11xx.s
   Uses
      At line 61 in file ..\\src\\startup_code\\keil_startup_lpc11xx.s
      At line 375 in file ..\\src\\startup_code\\keil_startup_lpc11xx.s

CAN_IRQHandler 0000001C

Symbol: CAN_IRQHandler
   Definitions
      At line 545 in file ..\\src\\startup_code\\keil_startup_lpc11xx.s
   Uses
      At line 202 in file ..\\src\\startup_code\\keil_startup_lpc11xx.s
      At line 527 in file ..\\src\\startup_code\\keil_startup_lpc11xx.s

DebugMon_Handler 00000014

Symbol: DebugMon_Handler
   Definitions
      At line 387 in file ..\\src\\startup_code\\keil_startup_lpc11xx.s
   Uses
      At line 68 in file ..\\src\\startup_code\\keil_startup_lpc11xx.s
      At line 389 in file ..\\src\\startup_code\\keil_startup_lpc11xx.s

Default_Handler 0000001C

Symbol: Default_Handler
   Definitions
      At line 405 in file ..\\src\\startup_code\\keil_startup_lpc11xx.s
   Uses



ARM Macro Assembler    Page 2 Alphabetic symbol ordering
Relocatable symbols

      None
Comment: Default_Handler unused
HardFault_Handler 0000000A

Symbol: HardFault_Handler
   Definitions
      At line 363 in file ..\\src\\startup_code\\keil_startup_lpc11xx.s
   Uses
      At line 59 in file ..\\src\\startup_code\\keil_startup_lpc11xx.s
      At line 365 in file ..\\src\\startup_code\\keil_startup_lpc11xx.s

I2C_IRQHandler 0000001C

Symbol: I2C_IRQHandler
   Definitions
      At line 547 in file ..\\src\\startup_code\\keil_startup_lpc11xx.s
   Uses
      At line 204 in file ..\\src\\startup_code\\keil_startup_lpc11xx.s
      At line 529 in file ..\\src\\startup_code\\keil_startup_lpc11xx.s

MemManage_Handler 0000000C

Symbol: MemManage_Handler
   Definitions
      At line 368 in file ..\\src\\startup_code\\keil_startup_lpc11xx.s
   Uses
      At line 60 in file ..\\src\\startup_code\\keil_startup_lpc11xx.s
      At line 370 in file ..\\src\\startup_code\\keil_startup_lpc11xx.s

NMI_Handler 00000008

Symbol: NMI_Handler
   Definitions
      At line 359 in file ..\\src\\startup_code\\keil_startup_lpc11xx.s
   Uses
      At line 58 in file ..\\src\\startup_code\\keil_startup_lpc11xx.s
      At line 360 in file ..\\src\\startup_code\\keil_startup_lpc11xx.s

PIOINT0_IRQHandler 0000001C

Symbol: PIOINT0_IRQHandler
   Definitions
      At line 560 in file ..\\src\\startup_code\\keil_startup_lpc11xx.s
   Uses
      At line 220 in file ..\\src\\startup_code\\keil_startup_lpc11xx.s
      At line 542 in file ..\\src\\startup_code\\keil_startup_lpc11xx.s

PIOINT1_IRQHandler 0000001C

Symbol: PIOINT1_IRQHandler
   Definitions
      At line 559 in file ..\\src\\startup_code\\keil_startup_lpc11xx.s
   Uses
      At line 219 in file ..\\src\\startup_code\\keil_startup_lpc11xx.s
      At line 541 in file ..\\src\\startup_code\\keil_startup_lpc11xx.s

PIOINT2_IRQHandler 0000001C

Symbol: PIOINT2_IRQHandler



ARM Macro Assembler    Page 3 Alphabetic symbol ordering
Relocatable symbols

   Definitions
      At line 558 in file ..\\src\\startup_code\\keil_startup_lpc11xx.s
   Uses
      At line 218 in file ..\\src\\startup_code\\keil_startup_lpc11xx.s
      At line 540 in file ..\\src\\startup_code\\keil_startup_lpc11xx.s

PIOINT3_IRQHandler 0000001C

Symbol: PIOINT3_IRQHandler
   Definitions
      At line 557 in file ..\\src\\startup_code\\keil_startup_lpc11xx.s
   Uses
      At line 217 in file ..\\src\\startup_code\\keil_startup_lpc11xx.s
      At line 539 in file ..\\src\\startup_code\\keil_startup_lpc11xx.s

PendSV_Handler 00000016

Symbol: PendSV_Handler
   Definitions
      At line 392 in file ..\\src\\startup_code\\keil_startup_lpc11xx.s
   Uses
      At line 70 in file ..\\src\\startup_code\\keil_startup_lpc11xx.s
      At line 393 in file ..\\src\\startup_code\\keil_startup_lpc11xx.s

Reserved_IRQHandler 0000001A

Symbol: Reserved_IRQHandler
   Definitions
      At line 400 in file ..\\src\\startup_code\\keil_startup_lpc11xx.s
   Uses
      At line 211 in file ..\\src\\startup_code\\keil_startup_lpc11xx.s
      At line 212 in file ..\\src\\startup_code\\keil_startup_lpc11xx.s
      At line 216 in file ..\\src\\startup_code\\keil_startup_lpc11xx.s
      At line 401 in file ..\\src\\startup_code\\keil_startup_lpc11xx.s

Reset_Handler 00000000

Symbol: Reset_Handler
   Definitions
      At line 344 in file ..\\src\\startup_code\\keil_startup_lpc11xx.s
   Uses
      At line 57 in file ..\\src\\startup_code\\keil_startup_lpc11xx.s
      At line 345 in file ..\\src\\startup_code\\keil_startup_lpc11xx.s

SSP0_IRQHandler 0000001C

Symbol: SSP0_IRQHandler
   Definitions
      At line 552 in file ..\\src\\startup_code\\keil_startup_lpc11xx.s
   Uses
      At line 209 in file ..\\src\\startup_code\\keil_startup_lpc11xx.s
      At line 534 in file ..\\src\\startup_code\\keil_startup_lpc11xx.s

SSP1_IRQHandler 0000001C

Symbol: SSP1_IRQHandler
   Definitions
      At line 546 in file ..\\src\\startup_code\\keil_startup_lpc11xx.s
   Uses



ARM Macro Assembler    Page 4 Alphabetic symbol ordering
Relocatable symbols

      At line 203 in file ..\\src\\startup_code\\keil_startup_lpc11xx.s
      At line 528 in file ..\\src\\startup_code\\keil_startup_lpc11xx.s

SVC_Handler 00000012

Symbol: SVC_Handler
   Definitions
      At line 383 in file ..\\src\\startup_code\\keil_startup_lpc11xx.s
   Uses
      At line 67 in file ..\\src\\startup_code\\keil_startup_lpc11xx.s
      At line 384 in file ..\\src\\startup_code\\keil_startup_lpc11xx.s

SysTick_Handler 00000018

Symbol: SysTick_Handler
   Definitions
      At line 396 in file ..\\src\\startup_code\\keil_startup_lpc11xx.s
   Uses
      At line 71 in file ..\\src\\startup_code\\keil_startup_lpc11xx.s
      At line 397 in file ..\\src\\startup_code\\keil_startup_lpc11xx.s

TIMER16_0_IRQHandler 0000001C

Symbol: TIMER16_0_IRQHandler
   Definitions
      At line 548 in file ..\\src\\startup_code\\keil_startup_lpc11xx.s
   Uses
      At line 205 in file ..\\src\\startup_code\\keil_startup_lpc11xx.s
      At line 530 in file ..\\src\\startup_code\\keil_startup_lpc11xx.s

TIMER16_1_IRQHandler 0000001C

Symbol: TIMER16_1_IRQHandler
   Definitions
      At line 549 in file ..\\src\\startup_code\\keil_startup_lpc11xx.s
   Uses
      At line 206 in file ..\\src\\startup_code\\keil_startup_lpc11xx.s
      At line 531 in file ..\\src\\startup_code\\keil_startup_lpc11xx.s

TIMER32_0_IRQHandler 0000001C

Symbol: TIMER32_0_IRQHandler
   Definitions
      At line 550 in file ..\\src\\startup_code\\keil_startup_lpc11xx.s
   Uses
      At line 207 in file ..\\src\\startup_code\\keil_startup_lpc11xx.s
      At line 532 in file ..\\src\\startup_code\\keil_startup_lpc11xx.s

TIMER32_1_IRQHandler 0000001C

Symbol: TIMER32_1_IRQHandler
   Definitions
      At line 551 in file ..\\src\\startup_code\\keil_startup_lpc11xx.s
   Uses
      At line 208 in file ..\\src\\startup_code\\keil_startup_lpc11xx.s
      At line 533 in file ..\\src\\startup_code\\keil_startup_lpc11xx.s

UART_IRQHandler 0000001C




ARM Macro Assembler    Page 5 Alphabetic symbol ordering
Relocatable symbols

Symbol: UART_IRQHandler
   Definitions
      At line 553 in file ..\\src\\startup_code\\keil_startup_lpc11xx.s
   Uses
      At line 210 in file ..\\src\\startup_code\\keil_startup_lpc11xx.s
      At line 535 in file ..\\src\\startup_code\\keil_startup_lpc11xx.s

UsageFault_Handler 00000010

Symbol: UsageFault_Handler
   Definitions
      At line 378 in file ..\\src\\startup_code\\keil_startup_lpc11xx.s
   Uses
      At line 62 in file ..\\src\\startup_code\\keil_startup_lpc11xx.s
      At line 380 in file ..\\src\\startup_code\\keil_startup_lpc11xx.s

WAKEUP_IRQHandler 0000001C

Symbol: WAKEUP_IRQHandler
   Definitions
      At line 544 in file ..\\src\\startup_code\\keil_startup_lpc11xx.s
   Uses
      At line 189 in file ..\\src\\startup_code\\keil_startup_lpc11xx.s
      At line 190 in file ..\\src\\startup_code\\keil_startup_lpc11xx.s
      At line 191 in file ..\\src\\startup_code\\keil_startup_lpc11xx.s
      At line 192 in file ..\\src\\startup_code\\keil_startup_lpc11xx.s
      At line 193 in file ..\\src\\startup_code\\keil_startup_lpc11xx.s
      At line 194 in file ..\\src\\startup_code\\keil_startup_lpc11xx.s
      At line 195 in file ..\\src\\startup_code\\keil_startup_lpc11xx.s
      At line 196 in file ..\\src\\startup_code\\keil_startup_lpc11xx.s
      At line 197 in file ..\\src\\startup_code\\keil_startup_lpc11xx.s
      At line 198 in file ..\\src\\startup_code\\keil_startup_lpc11xx.s
      At line 199 in file ..\\src\\startup_code\\keil_startup_lpc11xx.s
      At line 200 in file ..\\src\\startup_code\\keil_startup_lpc11xx.s
      At line 201 in file ..\\src\\startup_code\\keil_startup_lpc11xx.s
      At line 526 in file ..\\src\\startup_code\\keil_startup_lpc11xx.s

WDT_IRQHandler 0000001C

Symbol: WDT_IRQHandler
   Definitions
      At line 555 in file ..\\src\\startup_code\\keil_startup_lpc11xx.s
   Uses
      At line 214 in file ..\\src\\startup_code\\keil_startup_lpc11xx.s
      At line 537 in file ..\\src\\startup_code\\keil_startup_lpc11xx.s

__user_initial_stackheap 00000020

Symbol: __user_initial_stackheap
   Definitions
      At line 725 in file ..\\src\\startup_code\\keil_startup_lpc11xx.s
   Uses
      At line 724 in file ..\\src\\startup_code\\keil_startup_lpc11xx.s
Comment: __user_initial_stackheap used once
31 symbols



ARM Macro Assembler    Page 1 Alphabetic symbol ordering
Absolute symbols

Heap_Size 00000200

Symbol: Heap_Size
   Definitions
      At line 39 in file ..\\src\\startup_code\\keil_startup_lpc11xx.s
   Uses
      At line 43 in file ..\\src\\startup_code\\keil_startup_lpc11xx.s
      At line 729 in file ..\\src\\startup_code\\keil_startup_lpc11xx.s

Stack_Size 00000300

Symbol: Stack_Size
   Definitions
      At line 28 in file ..\\src\\startup_code\\keil_startup_lpc11xx.s
   Uses
      At line 31 in file ..\\src\\startup_code\\keil_startup_lpc11xx.s
      At line 728 in file ..\\src\\startup_code\\keil_startup_lpc11xx.s

2 symbols



ARM Macro Assembler    Page 1 Alphabetic symbol ordering
External symbols

SystemInit 00000000

Symbol: SystemInit
   Definitions
      At line 346 in file ..\\src\\startup_code\\keil_startup_lpc11xx.s
   Uses
      At line 348 in file ..\\src\\startup_code\\keil_startup_lpc11xx.s
Comment: SystemInit used once
__main 00000000

Symbol: __main
   Definitions
      At line 347 in file ..\\src\\startup_code\\keil_startup_lpc11xx.s
   Uses
      At line 350 in file ..\\src\\startup_code\\keil_startup_lpc11xx.s
Comment: __main used once
__use_two_region_memory 00000000

Symbol: __use_two_region_memory
   Definitions
      At line 723 in file ..\\src\\startup_code\\keil_startup_lpc11xx.s
   Uses
      None
Comment: __use_two_region_memory unused
3 symbols
382 symbols in table
